0 info it worked if it ends with ok
1 verbose cli [ '/usr/local/bin/node',
1 verbose cli   '/usr/local/bin/npm',
1 verbose cli   'run',
1 verbose cli   'publish-please' ]
2 info using npm@4.1.2
3 info using node@v6.9.2
4 verbose run-script [ 'prepublish-please', 'publish-please', 'postpublish-please' ]
5 info lifecycle testcafe-reporter-teamcity@1.0.0~prepublish-please: testcafe-reporter-teamcity@1.0.0
6 silly lifecycle testcafe-reporter-teamcity@1.0.0~prepublish-please: no script for prepublish-please, continuing
7 info lifecycle testcafe-reporter-teamcity@1.0.0~publish-please: testcafe-reporter-teamcity@1.0.0
8 verbose lifecycle testcafe-reporter-teamcity@1.0.0~publish-please: unsafe-perm in lifecycle true
9 verbose lifecycle testcafe-reporter-teamcity@1.0.0~publish-please: PATH: /usr/local/lib/node_modules/npm/bin/node-gyp-bin:/Users/nir/Development/Flex/testcafe-reporter-teamcity/node_modules/.bin:/Users/nir/Library/Android/sdk/platform-tools:/Library/Frameworks/Python.framework/Versions/2.7/bin:/usr/local/bin:/usr/bin:/bin:/usr/sbin:/sbin
10 verbose lifecycle testcafe-reporter-teamcity@1.0.0~publish-please: CWD: /Users/nir/Development/Flex/testcafe-reporter-teamcity
11 silly lifecycle testcafe-reporter-teamcity@1.0.0~publish-please: Args: [ '-c', 'publish-please' ]
12 silly lifecycle testcafe-reporter-teamcity@1.0.0~publish-please: Returned: code: 1  signal: null
13 info lifecycle testcafe-reporter-teamcity@1.0.0~publish-please: Failed to exec publish-please script
14 verbose stack Error: testcafe-reporter-teamcity@1.0.0 publish-please: `publish-please`
14 verbose stack Exit status 1
14 verbose stack     at EventEmitter.<anonymous> (/usr/local/lib/node_modules/npm/lib/utils/lifecycle.js:279:16)
14 verbose stack     at emitTwo (events.js:106:13)
14 verbose stack     at EventEmitter.emit (events.js:191:7)
14 verbose stack     at ChildProcess.<anonymous> (/usr/local/lib/node_modules/npm/lib/utils/spawn.js:40:14)
14 verbose stack     at emitTwo (events.js:106:13)
14 verbose stack     at ChildProcess.emit (events.js:191:7)
14 verbose stack     at maybeClose (internal/child_process.js:877:16)
14 verbose stack     at Process.ChildProcess._handle.onexit (internal/child_process.js:226:5)
15 verbose pkgid testcafe-reporter-teamcity@1.0.0
16 verbose cwd /Users/nir/Development/Flex/testcafe-reporter-teamcity
17 error Darwin 16.6.0
18 error argv "/usr/local/bin/node" "/usr/local/bin/npm" "run" "publish-please"
19 error node v6.9.2
20 error npm  v4.1.2
21 error code ELIFECYCLE
22 error testcafe-reporter-teamcity@1.0.0 publish-please: `publish-please`
22 error Exit status 1
23 error Failed at the testcafe-reporter-teamcity@1.0.0 publish-please script 'publish-please'.
23 error Make sure you have the latest version of node.js and npm installed.
23 error If you do, this is most likely a problem with the testcafe-reporter-teamcity package,
23 error not with npm itself.
23 error Tell the author that this fails on your system:
23 error     publish-please
23 error You can get information on how to open an issue for this project with:
23 error     npm bugs testcafe-reporter-teamcity
23 error Or if that isn't available, you can get their info via:
23 error     npm owner ls testcafe-reporter-teamcity
23 error There is likely additional logging output above.
24 verbose exit [ 1, true ]
